<?xml version="1.0" encoding="UTF-8"?>
<!-- Generated by org.testng.reporters.JUnitXMLReporter -->
<testsuite ignored="0" hostname="DESKTOP-5EVK54D" failures="1" tests="4" name="Authentication module" time="24.705" errors="0" timestamp="2022-12-16T09:19:46 IST">
  <testcase classname="testngdiscussion.AmazonTest" name="navToUrl" time="14.735">
    <failure type="java.lang.AssertionError" message="expected [false] but found [true]">
      <![CDATA[java.lang.AssertionError: expected [false] but found [true]
at testngdiscussion.AmazonTest.navToUrl(AmazonTest.java:28)
at java.base/java.util.ArrayList.forEach(ArrayList.java:1511)
... Removed 31 stack frames]]>
    </failure>
  </testcase> <!-- navToUrl -->
  <testcase classname="testngdiscussion.AmazonTest" name="enterUsername" time="4.715"/>
  <testcase classname="testngdiscussion.AmazonTest" name="enterPassword" time="0.457"/>
  <testcase classname="testngdiscussion.AmazonTest" name="getTitleOfpage" time="3.802"/>
</testsuite> <!-- Authentication module -->
